1596463816361	geckodriver	INFO	Listening on 127.0.0.1:49215
1596463819460	mozrunner::runner	INFO	Running command: "C:\\Program Files\\Mozilla Firefox\\firefox.exe" "--marionette" "-headless" "-foreground" "-no-remote" "-profile" "C:\\Users\\krish\\AppData\\Local\\Temp\\rust_mozprofile6L8QfD"
*** You are running in headless mode.
JavaScript error: resource://gre/modules/XULStore.jsm, line 66: Error: Can't find profile directory.
console.error: SearchCache: "_readCacheFile: Error reading cache file:" (new Error("", "(unknown module)"))
1596463820787	Marionette	INFO	Listening on port 49224
1596463821021	Marionette	WARN	TLS certificate errors will be ignored for this session
JavaScript error: https://static-exp1.licdn.com/sc/h/a8qbwp95qwmm9qc9s66hsaya5, line 1: Error: Could not lazy load JS with src https://static-exp1.licdn.com/sc/h/7eupwwmg7zlacqehnekxqqnv
JavaScript error: https://static-exp1.licdn.com/sc/h/a8qbwp95qwmm9qc9s66hsaya5, line 1: Error: Could not lazy load JS with src https://static-exp1.licdn.com/sc/h/6wqqe9eoivbf520c8dusqryxk
JavaScript warning: https://static-exp1.licdn.com/sc/h/br/9mh2wuc2elz7c7xxb19hcr175, line 1: WebGL warning: <Create>: Can't use WebGL in headless mode (https://bugzil.la/1375585).
JavaScript warning: https://static-exp1.licdn.com/sc/h/br/9mh2wuc2elz7c7xxb19hcr175, line 1: Failed to create WebGL context: WebGL creation failed: 
* Can't use WebGL in headless mode (https://bugzil.la/1375585).
JavaScript warning: https://static-exp1.licdn.com/sc/h/br/9mh2wuc2elz7c7xxb19hcr175, line 1: WebGL warning: <Create>: Can't use WebGL in headless mode (https://bugzil.la/1375585).
JavaScript warning: https://static-exp1.licdn.com/sc/h/br/9mh2wuc2elz7c7xxb19hcr175, line 1: Failed to create WebGL context: WebGL creation failed: 
* Can't use WebGL in headless mode (https://bugzil.la/1375585).
JavaScript warning: https://static-exp1.licdn.com/sc/h/br/9mh2wuc2elz7c7xxb19hcr175, line 1: WebGL warning: <Create>: Can't use WebGL in headless mode (https://bugzil.la/1375585).
JavaScript warning: https://static-exp1.licdn.com/sc/h/br/9mh2wuc2elz7c7xxb19hcr175, line 1: Failed to create WebGL context: WebGL creation failed: 
* Can't use WebGL in headless mode (https://bugzil.la/1375585).
JavaScript warning: https://static-exp1.licdn.com/sc/h/br/9mh2wuc2elz7c7xxb19hcr175, line 1: WebGL warning: <Create>: Can't use WebGL in headless mode (https://bugzil.la/1375585).
JavaScript warning: https://static-exp1.licdn.com/sc/h/br/9mh2wuc2elz7c7xxb19hcr175, line 1: Failed to create WebGL context: WebGL creation failed: 
* Can't use WebGL in headless mode (https://bugzil.la/1375585).
JavaScript warning: https://static-exp1.licdn.com/sc/h/bimxgd2lcefc8j7rjufg6duxj, line 106: WebGL warning: <Create>: Can't use WebGL in headless mode (https://bugzil.la/1375585).
JavaScript warning: https://static-exp1.licdn.com/sc/h/bimxgd2lcefc8j7rjufg6duxj, line 106: Failed to create WebGL context: WebGL creation failed: 
* Can't use WebGL in headless mode (https://bugzil.la/1375585).
JavaScript warning: https://static-exp1.licdn.com/sc/h/bimxgd2lcefc8j7rjufg6duxj, line 106: WebGL warning: <Create>: Can't use WebGL in headless mode (https://bugzil.la/1375585).
JavaScript warning: https://static-exp1.licdn.com/sc/h/bimxgd2lcefc8j7rjufg6duxj, line 106: Failed to create WebGL context: WebGL creation failed: 
* Can't use WebGL in headless mode (https://bugzil.la/1375585).
Exiting due to channel error.
Exiting due to channel error.
96464041550	mozrunner::runner	INFO	Running command: "C:\\Program Files\\Mozilla Firefox\\firefox.exe" "--marionette" "-foreground" "-no-remote" "-profile" "C:\\Users\\krish\\AppData\\Local\\Temp\\rust_mozprofileoZ3Qcp"
JavaScript error: resource://gre/modules/XULStore.jsm, line 66: Error: Can't find profile directory.
console.error: SearchCache: "_readCacheFile: Error reading cache file:" (new Error("", "(unknown module)"))
1596464043544	Marionette	INFO	Listening on port 49307
1596464043602	Marionette	WARN	TLS certificate errors will be ignored for this session
JavaScript error: https://static-exp1.licdn.com/sc/h/a8qbwp95qwmm9qc9s66hsaya5, line 1: Error: Could not lazy load JS with src https://static-exp1.licdn.com/sc/h/7eupwwmg7zlacqehnekxqqnv
JavaScript error: https://static-exp1.licdn.com/sc/h/a8qbwp95qwmm9qc9s66hsaya5, line 1: Error: Could not lazy load JS with src https://static-exp1.licdn.com/sc/h/6wqqe9eoivbf520c8dusqryxk

###!!! [Child][MessageChannel] Error: (msgtype=0x6B0029,name=PNecko::Msg_RemoveRequestContext) Channel closing: too late to send/recv, messages will be lost


###!!! [Child][RunMessage] Error: Channel closing: too late to send/recv, messages will be lost


###!!! [Child][RunMessage] Error: Channel closing: too late to send/recv, messages will be lost


###!!! [Child][RunMessage] Error: Channel closing: too late to send/recv, messages will be lost

1596464056752	Marionette	INFO	Stopped listening on port 49307

###!!! [Child][RunMessage] Error: Channel closing: too late to send/recv, messages will be lost


###!!! [Child][MessageChannel::SendAndWait] Error: Channel error: cannot send/recv

1596464068541	geckodriver	INFO	Listening on 127.0.0.1:49357
1596464071600	mozrunner::runner	INFO	Running command: "C:\\Program Files\\Mozilla Firefox\\firefox.exe" "--marionette" "-foreground" "-no-remote" "-profile" "C:\\Users\\krish\\AppData\\Local\\Temp\\rust_mozprofile6o43iH"
JavaScript error: resource://gre/modules/XULStore.jsm, line 66: Error: Can't find profile directory.
console.error: SearchCache: "_readCacheFile: Error reading cache file:" (new Error("", "(unknown module)"))
1596464073433	Marionette	INFO	Listening on port 49365
1596464073654	Marionette	WARN	TLS certificate errors will be ignored for this session
JavaScript error: https://static-exp1.licdn.com/sc/h/a8qbwp95qwmm9qc9s66hsaya5, line 1: Error: Could not lazy load JS with src https://static-exp1.licdn.com/sc/h/7eupwwmg7zlacqehnekxqqnv
JavaScript error: https://static-exp1.licdn.com/sc/h/a8qbwp95qwmm9qc9s66hsaya5, line 1: Error: Could not lazy load JS with src https://static-exp1.licdn.com/sc/h/6wqqe9eoivbf520c8dusqryxk
JavaScript error: resource://gre/modules/XULStore.jsm, line 66: Error: Can't find profile directory.
JavaScript error: resource://gre/modules/XULStore.jsm, line 66: Error: Can't find profile directory.
JavaScript error: resource:///modules/FaviconLoader.jsm, line 568: InvalidStateError: An attempt was made to use an object that is not, or is no longer, usable
JavaScript warning: https://static-exp1.licdn.com/sc/h/br/w4fx09ypy831t0g8n6rfwwzl, line 19646: unreachable code after return statement
JavaScript warning: https://static-exp1.licdn.com/sc/h/br/w4fx09ypy831t0g8n6rfwwzl, line 19646: unreachable code after return statement
[Child 22008, Chrome_ChildThread] WARNING: pipe error: 232: file /builds/worker/checkouts/gecko/ipc/chromium/src/chrome/common/ipc_channel_win.cc, line 524

###!!! [Child][MessageChannel] Error: (msgtype=0x5A0011,name=PHttpChannel::Msg___delete__) Channel closing: too late to send/recv, messages will be lost


###!!! [Child][MessageChannel] Error: (msgtype=0x6B0029,name=PNecko::Msg_RemoveRequestContext) Channel closing: too late to send/recv, messages will be lost


###!!! [Child][RunMessage] Error: Channel closing: too late to send/recv, messages will be lost


###!!! [Child][RunMessage] Error: Channel closing: too late to send/recv, messages will be lost


###!!! [Child][RunMessage] Error: Channel closing: too late to send/recv, messages will be lost


###!!! [Child][RunMessage] Error: Channel closing: too late to send/recv, messages will be lost


###!!! [Child][RunMessage] Error: Channel closing: too late to send/recv, messages will be lost


###!!! [Child][RunMessage] Error: Channel closing: too late to send/recv, messages will be lost


###!!! [Child][RunMessage] Error: Channel closing: too late to send/recv, messages will be lost

1596464118542	Marionette	INFO	Stopped listening on port 49365

###!!! [Child][RunMessage] Error: Channel closing: too late to send/recv, messages will be lost


###!!! [Child][MessageChannel::SendAndWait] Error: Channel error: cannot send/recv

1596464121240	geckodriver	INFO	Listening on 127.0.0.1:49731
1596464124320	mozrunner::runner	INFO	Running command: "C:\\Program Files\\Mozilla Firefox\\firefox.exe" "--marionette" "-foreground" "-no-remote" "-profile" "C:\\Users\\krish\\AppData\\Local\\Temp\\rust_mozprofiled2hdrO"
JavaScript error: resource://gre/modules/XULStore.jsm, line 66: Error: Can't find profile directory.
console.error: SearchCache: "_readCacheFile: Error reading cache file:" (new Error("", "(unknown module)"))
1596464126159	Marionette	INFO	Listening on port 49741
1596464126382	Marionette	WARN	TLS certificate errors will be ignored for this session
JavaScript error: https://static-exp1.licdn.com/sc/h/a8qbwp95qwmm9qc9s66hsaya5, line 1: Error: Could not lazy load JS with src https://static-exp1.licdn.com/sc/h/6wqqe9eoivbf520c8dusqryxk
JavaScript error: https://static-exp1.licdn.com/sc/h/a8qbwp95qwmm9qc9s66hsaya5, line 1: Error: Could not lazy load JS with src https://static-exp1.licdn.com/sc/h/7eupwwmg7zlacqehnekxqqnv
JavaScript error: resource://gre/modules/XULStore.jsm, line 66: Error: Can't find profile directory.
JavaScript error: resource://gre/modules/XULStore.jsm, line 66: Error: Can't find profile directory.
1596464138615	Marionette	INFO	Stopped listening on port 49741

###!!! [Child][RunMessage] Error: Channel closing: too late to send/recv, messages will be lost


###!!! [Child][MessageChannel::SendAndWait] Error: Channel error: cannot send/recv

1596465507518	geckodriver	INFO	Listening on 127.0.0.1:50112
1596465510592	mozrunner::runner	INFO	Running command: "C:\\Program Files\\Mozilla Firefox\\firefox.exe" "--marionette" "-headless" "-foreground" "-no-remote" "-profile" "C:\\Users\\krish\\AppData\\Local\\Temp\\rust_mozprofileZGgtbg"
*** You are running in headless mode.
JavaScript error: resource://gre/modules/XULStore.jsm, line 66: Error: Can't find profile directory.
console.error: SearchCache: "_readCacheFile: Error reading cache file:" (new Error("", "(unknown module)"))
1596465513158	Marionette	INFO	Listening on port 50120
1596465513259	Marionette	WARN	TLS certificate errors will be ignored for this session
1596465518352	geckodriver	INFO	Listening on 127.0.0.1:50144
1596465521409	mozrunner::runner	INFO	Running command: "C:\\Program Files\\Mozilla Firefox\\firefox.exe" "--marionette" "-foreground" "-no-remote" "-profile" "C:\\Users\\krish\\AppData\\Local\\Temp\\rust_mozprofile8c70E5"
JavaScript error: resource://gre/modules/XULStore.jsm, line 66: Error: Can't find profile directory.
console.error: SearchCache: "_readCacheFile: Error reading cache file:" (new Error("", "(unknown module)"))
1596465523649	Marionette	INFO	Listening on port 50152
1596465524050	Marionette	WARN	TLS certificate errors will be ignored for this session
JavaScript error: https://static-exp1.licdn.com/sc/h/a8qbwp95qwmm9qc9s66hsaya5, line 1: Error: Could not lazy load JS with src https://static-exp1.licdn.com/sc/h/7eupwwmg7zlacqehnekxqqnv
JavaScript error: https://static-exp1.licdn.com/sc/h/a8qbwp95qwmm9qc9s66hsaya5, line 1: Error: Could not lazy load JS with src https://static-exp1.licdn.com/sc/h/6wqqe9eoivbf520c8dusqryxk
JavaScript error: resource://gre/modules/XULStore.jsm, line 66: Error: Can't find profile directory.
JavaScript error: resource://gre/modules/XULStore.jsm, line 66: Error: Can't find profile directory.
1596465793181	Marionette	INFO	Stopped listening on port 50152

###!!! [Child][RunMessage] Error: Channel closing: too late to send/recv, messages will be lost


###!!! [Child][MessageChannel::SendAndWait] Error: Channel error: cannot send/recv

1596465809326	geckodriver	INFO	Listening on 127.0.0.1:50266
1596465812397	mozrunner::runner	INFO	Running command: "C:\\Program Files\\Mozilla Firefox\\firefox.exe" "--marionette" "-foreground" "-no-remote" "-profile" "C:\\Users\\krish\\AppData\\Local\\Temp\\rust_mozprofileW97svD"
JavaScript error: resource://gre/modules/XULStore.jsm, line 66: Error: Can't find profile directory.
console.error: SearchCache: "_readCacheFile: Error reading cache file:" (new Error("", "(unknown module)"))
1596465814539	Marionette	INFO	Listening on port 50274
1596465814550	Marionette	WARN	TLS certificate errors will be ignored for this session
JavaScript error: https://static-exp1.licdn.com/sc/h/a8qbwp95qwmm9qc9s66hsaya5, line 1: Error: Could not lazy load JS with src https://static-exp1.licdn.com/sc/h/7eupwwmg7zlacqehnekxqqnv
JavaScript error: https://static-exp1.licdn.com/sc/h/a8qbwp95qwmm9qc9s66hsaya5, line 1: Error: Could not lazy load JS with src https://static-exp1.licdn.com/sc/h/6wqqe9eoivbf520c8dusqryxk
JavaScript error: resource://gre/modules/XULStore.jsm, line 66: Error: Can't find profile directory.
JavaScript error: resource://gre/modules/XULStore.jsm, line 66: Error: Can't find profile directory.
1596465850778	Marionette	INFO	Stopped listening on port 50274

###!!! [Child][MessageChannel::SendAndWait] Error: Channel error: cannot send/recv

1596465871044	geckodriver	INFO	Listening on 127.0.0.1:50342
1596465874089	mozrunner::runner	INFO	Running command: "C:\\Program Files\\Mozilla Firefox\\firefox.exe" "--marionette" "-foreground" "-no-remote" "-profile" "C:\\Users\\krish\\AppData\\Local\\Temp\\rust_mozprofile6hoTND"
JavaScript error: resource://gre/modules/XULStore.jsm, line 66: Error: Can't find profile directory.
console.error: SearchCache: "_readCacheFile: Error reading cache file:" (new Error("", "(unknown module)"))
1596465876142	Marionette	INFO	Listening on port 50350
1596465876231	Marionette	WARN	TLS certificate errors will be ignored for this session
JavaScript error: https://static-exp1.licdn.com/sc/h/a8qbwp95qwmm9qc9s66hsaya5, line 1: Error: Could not lazy load JS with src https://static-exp1.licdn.com/sc/h/7eupwwmg7zlacqehnekxqqnv
JavaScript error: https://static-exp1.licdn.com/sc/h/a8qbwp95qwmm9qc9s66hsaya5, line 1: Error: Could not lazy load JS with src https://static-exp1.licdn.com/sc/h/6wqqe9eoivbf520c8dusqryxk
JavaScript error: resource://gre/modules/XULStore.jsm, line 66: Error: Can't find profile directory.
JavaScript error: resource://gre/modules/XULStore.jsm, line 66: Error: Can't find profile directory.
1596465981821	geckodriver	INFO	Listening on 127.0.0.1:50404
1596465984882	mozrunner::runner	INFO	Running command: "C:\\Program Files\\Mozilla Firefox\\firefox.exe" "--marionette" "-foreground" "-no-remote" "-profile" "C:\\Users\\krish\\AppData\\Local\\Temp\\rust_mozprofilefkkmiR"
JavaScript error: resource://gre/modules/XULStore.jsm, line 66: Error: Can't find profile directory.
console.error: SearchCache: "_readCacheFile: Error reading cache file:" (new Error("", "(unknown module)"))
1596465987369	Marionette	INFO	Listening on port 50412
1596465987548	Marionette	WARN	TLS certificate errors will be ignored for this session
JavaScript error: https://static-exp1.licdn.com/sc/h/a8qbwp95qwmm9qc9s66hsaya5, line 1: Error: Could not lazy load JS with src https://static-exp1.licdn.com/sc/h/7eupwwmg7zlacqehnekxqqnv
JavaScript error: https://static-exp1.licdn.com/sc/h/a8qbwp95qwmm9qc9s66hsaya5, line 1: Error: Could not lazy load JS with src https://static-exp1.licdn.com/sc/h/6wqqe9eoivbf520c8dusqryxk
JavaScript error: resource://gre/modules/XULStore.jsm, line 66: Error: Can't find profile directory.
JavaScript error: resource://gre/modules/XULStore.jsm, line 66: Error: Can't find profile directory.
JavaScript warning: https://static-exp1.licdn.com/sc/h/br/w4fx09ypy831t0g8n6rfwwzl, line 19646: unreachable code after return statement
JavaScript warning: https://static-exp1.licdn.com/sc/h/br/w4fx09ypy831t0g8n6rfwwzl, line 19646: unreachable code after return statement
JavaScript warning: https://static-exp1.licdn.com/sc/h/br/w4fx09ypy831t0g8n6rfwwzl, line 19646: unreachable code after return statement
JavaScript warning: https://static-exp1.licdn.com/sc/h/br/w4fx09ypy831t0g8n6rfwwzl, line 19646: unreachable code after return statement
JavaScript error: , line 0: uncaught exception: Object
1596466046989	Marionette	INFO	Stopped listening on port 50412

###!!! [Child][MessageChannel::SendAndWait] Error: Channel error: cannot send/recv

1596466084807	geckodriver	INFO	Listening on 127.0.0.1:50511
1596466087867	mozrunner::runner	INFO	Running command: "C:\\Program Files\\Mozilla Firefox\\firefox.exe" "--marionette" "-foreground" "-no-remote" "-profile" "C:\\Users\\krish\\AppData\\Local\\Temp\\rust_mozprofileGwKH9R"
JavaScript error: resource://gre/modules/XULStore.jsm, line 66: Error: Can't find profile directory.
console.error: SearchCache: "_readCacheFile: Error reading cache file:" (new Error("", "(unknown module)"))
1596466090213	Marionette	INFO	Listening on port 50519
1596466090502	Marionette	WARN	TLS certificate errors will be ignored for this session
JavaScript error: https://static-exp1.licdn.com/sc/h/a8qbwp95qwmm9qc9s66hsaya5, line 1: Error: Could not lazy load JS with src https://static-exp1.licdn.com/sc/h/7eupwwmg7zlacqehnekxqqnv
JavaScript error: https://static-exp1.licdn.com/sc/h/a8qbwp95qwmm9qc9s66hsaya5, line 1: Error: Could not lazy load JS with src https://static-exp1.licdn.com/sc/h/6wqqe9eoivbf520c8dusqryxk
JavaScript warning: https://static-exp1.licdn.com/sc/h/br/w4fx09ypy831t0g8n6rfwwzl, line 19646: unreachable code after return statement
JavaScript warning: https://static-exp1.licdn.com/sc/h/br/w4fx09ypy831t0g8n6rfwwzl, line 19646: unreachable code after return statement
1596466176243	Marionette	INFO	Stopped listening on port 50519

###!!! [Child][RunMessage] Error: Channel closing: too late to send/recv, messages will be lost


###!!! [Child][MessageChannel::SendAndWait] Error: Channel error: cannot send/recv

1596466178240	geckodriver	INFO	Listening on 127.0.0.1:50616
1596466181327	mozrunner::runner	INFO	Running command: "C:\\Program Files\\Mozilla Firefox\\firefox.exe" "--marionette" "-foreground" "-no-remote" "-profile" "C:\\Users\\krish\\AppData\\Local\\Temp\\rust_mozprofileGtxFPK"
JavaScript error: resource://gre/modules/XULStore.jsm, line 66: Error: Can't find profile directory.
console.error: SearchCache: "_readCacheFile: Error reading cache file:" (new Error("", "(unknown module)"))
1596466183532	Marionette	INFO	Listening on port 50624
1596466184005	Marionette	WARN	TLS certificate errors will be ignored for this session
JavaScript error: https://static-exp1.licdn.com/sc/h/a8qbwp95qwmm9qc9s66hsaya5, line 1: Error: Could not lazy load JS with src https://static-exp1.licdn.com/sc/h/7eupwwmg7zlacqehnekxqqnv
JavaScript error: https://static-exp1.licdn.com/sc/h/a8qbwp95qwmm9qc9s66hsaya5, line 1: Error: Could not lazy load JS with src https://static-exp1.licdn.com/sc/h/6wqqe9eoivbf520c8dusqryxk
JavaScript warning: https://static-exp1.licdn.com/sc/h/br/w4fx09ypy831t0g8n6rfwwzl, line 19646: unreachable code after return statement
JavaScript warning: https://static-exp1.licdn.com/sc/h/br/w4fx09ypy831t0g8n6rfwwzl, line 19646: unreachable code after return statement
1596466222924	Marionette	INFO	Stopped listening on port 50624

###!!! [Child][MessageChannel::SendAndWait] Error: Channel error: cannot send/recv

1596466224604	geckodriver	INFO	Listening on 127.0.0.1:50711
1596466227666	mozrunner::runner	INFO	Running command: "C:\\Program Files\\Mozilla Firefox\\firefox.exe" "--marionette" "-foreground" "-no-remote" "-profile" "C:\\Users\\krish\\AppData\\Local\\Temp\\rust_mozprofilebx6FSJ"
JavaScript error: resource://gre/modules/XULStore.jsm, line 66: Error: Can't find profile directory.
console.error: SearchCache: "_readCacheFile: Error reading cache file:" (new Error("", "(unknown module)"))
1596466229789	Marionette	INFO	Listening on port 50719
1596466229809	Marionette	WARN	TLS certificate errors will be ignored for this session
JavaScript error: https://static-exp1.licdn.com/sc/h/a8qbwp95qwmm9qc9s66hsaya5, line 1: Error: Could not lazy load JS with src https://static-exp1.licdn.com/sc/h/6wqqe9eoivbf520c8dusqryxk
JavaScript error: https://static-exp1.licdn.com/sc/h/a8qbwp95qwmm9qc9s66hsaya5, line 1: Error: Could not lazy load JS with src https://static-exp1.licdn.com/sc/h/7eupwwmg7zlacqehnekxqqnv
JavaScript warning: https://static-exp1.licdn.com/sc/h/br/w4fx09ypy831t0g8n6rfwwzl, line 19646: unreachable code after return statement
JavaScript warning: https://static-exp1.licdn.com/sc/h/br/w4fx09ypy831t0g8n6rfwwzl, line 19646: unreachable code after return statement
JavaScript warning: https://static-exp1.licdn.com/sc/h/br/w4fx09ypy831t0g8n6rfwwzl, line 19646: unreachable code after return statement
JavaScript warning: https://static-exp1.licdn.com/sc/h/br/w4fx09ypy831t0g8n6rfwwzl, line 19646: unreachable code after return statement
1596466324444	Marionette	INFO	Stopped listening on port 50719

###!!! [Child][RunMessage] Error: Channel closing: too late to send/recv, messages will be lost


###!!! [Child][MessageChannel::SendAndWait] Error: Channel error: cannot send/recv

1596526258091	geckodriver	INFO	Listening on 127.0.0.1:54192
1596526261148	mozrunner::runner	INFO	Running command: "C:\\Program Files\\Mozilla Firefox\\firefox.exe" "--marionette" "-foreground" "-no-remote" "-profile" "C:\\Users\\krish\\AppData\\Local\\Temp\\rust_mozprofileML5wnU"
JavaScript error: resource://gre/modules/XULStore.jsm, line 66: Error: Can't find profile directory.
console.error: SearchCache: "_readCacheFile: Error reading cache file:" (new Error("", "(unknown module)"))
1596526263007	Marionette	INFO	Listening on port 54200
1596526263176	Marionette	WARN	TLS certificate errors will be ignored for this session
JavaScript error: https://static-exp1.licdn.com/sc/h/a8qbwp95qwmm9qc9s66hsaya5, line 1: Error: Could not lazy load JS with src https://static-exp1.licdn.com/sc/h/7eupwwmg7zlacqehnekxqqnv
JavaScript error: https://static-exp1.licdn.com/sc/h/a8qbwp95qwmm9qc9s66hsaya5, line 1: Error: Could not lazy load JS with src https://static-exp1.licdn.com/sc/h/6wqqe9eoivbf520c8dusqryxk
JavaScript error: resource://gre/modules/XULStore.jsm, line 66: Error: Can't find profile directory.
JavaScript error: resource://gre/modules/XULStore.jsm, line 66: Error: Can't find profile directory.
JavaScript warning: https://static-exp1.licdn.com/sc/h/br/4597ie45ll27su15todt7ud8d, line 19646: unreachable code after return statement
JavaScript warning: https://static-exp1.licdn.com/sc/h/br/4597ie45ll27su15todt7ud8d, line 19646: unreachable code after return statement
JavaScript warning: https://static-exp1.licdn.com/sc/h/br/4597ie45ll27su15todt7ud8d, line 19646: unreachable code after return statement
JavaScript warning: https://static-exp1.licdn.com/sc/h/br/4597ie45ll27su15todt7ud8d, line 19646: unreachable code after return statement
1596526870835	Marionette	INFO	Stopped listening on port 54200

###!!! [Child][RunMessage] Error: Channel closing: too late to send/recv, messages will be lost


###!!! [Child][MessageChannel::SendAndWait] Error: Channel error: cannot send/recv

